<?xml version="1.0" encoding="UTF-8"?>
<!-- Generated by org.testng.reporters.JUnitReportReporter -->
<testsuite hostname="AIN126P-LT" failures="0" tests="4" name="Tests.VerifyLeftMenuUI" time="2.517" errors="0" timestamp="2023-10-26T13:32:26 IST" skipped="0">
  <testcase classname="Tests.VerifyLeftMenuUI" name="verifyLeftMenuHeader" time="1.091"/>
  <testcase classname="Tests.VerifyLeftMenuUI" name="verifyLeftMenuHeaderFields" time="0.169"/>
  <testcase classname="Tests.VerifyLeftMenuUI" name="verifyOfficialResourcesLinks" time="0.659"/>
  <testcase classname="Tests.VerifyLeftMenuUI" name="verifyCommunityLinks" time="0.598"/>
</testsuite> <!-- Tests.VerifyLeftMenuUI -->
