<?xml version="1.0" encoding="UTF-8"?>
<!-- Generated by org.testng.reporters.JUnitReportReporter -->
<testsuite hostname="AIN126P-LT" failures="0" tests="2" name="Tests.TestCase2" time="2.064" errors="0" timestamp="2023-10-25T16:05:00 IST" skipped="0">
  <testcase classname="Tests.TestCase2" name="verifyLeftMenuHeader" time="1.634"/>
  <testcase classname="Tests.TestCase2" name="verifyLeftMenuHeaderFields" time="0.430"/>
</testsuite> <!-- Tests.TestCase2 -->
