<?xml version="1.0" encoding="UTF-8"?>
<!-- Generated by org.testng.reporters.JUnitReportReporter -->
<testsuite hostname="AIN126P-LT" failures="0" tests="2" name="Tests.VerifyFunctionality" time="5.081" errors="0" timestamp="2023-10-26T13:32:26 IST" skipped="0">
  <testcase classname="Tests.VerifyFunctionality" name="verifyTaskAddition" time="3.902"/>
  <testcase classname="Tests.VerifyFunctionality" name="verifyTaskCompletion" time="1.179"/>
</testsuite> <!-- Tests.VerifyFunctionality -->
