<?xml version="1.0" encoding="UTF-8"?>
<!-- Generated by org.testng.reporters.JUnitReportReporter -->
<testsuite hostname="AIN126P-LT" failures="0" tests="2" name="Tests.TestCase1" time="9.017" errors="0" timestamp="2023-10-25T15:24:25 IST" skipped="0">
  <testcase classname="Tests.TestCase1" name="verifyTaskAddition" time="8.055"/>
  <testcase classname="Tests.TestCase1" name="verifyTaskCompletion" time="0.962"/>
</testsuite> <!-- Tests.TestCase1 -->
